[2025-08-14T06:33:12.479Z] [31MERROR[39M: Invalid access token, please log in
[2025-08-14T06:33:13.735Z] [31MERROR[39M: Invalid access token, please log in
[2025-08-14T06:33:26.343Z] [31MERROR[39M: Invalid access token, please log in
[2025-08-14T06:33:26.348Z] [31MERROR[39M: Invalid access token, please log in
[2025-08-14T06:33:26.359Z] [31MERROR[39M: Invalid access token, please log in
[2025-08-14T06:33:26.362Z] [31MERROR[39M: Invalid access token, please log in
[2025-08-14T06:33:26.365Z] [31MERROR[39M: Invalid access token, please log in
[2025-08-14T06:33:26.636Z] [31MERROR[39M: Refresh token not found
[2025-08-14T06:33:26.714Z] [31MERROR[39M: Refresh token not found
[2025-08-14T06:33:27.181Z] [31MERROR[39M: Refresh token not found
[2025-08-14T06:33:27.185Z] [31MERROR[39M: Refresh token not found
[2025-08-14T06:33:27.189Z] [31MERROR[39M: Refresh token not found
[2025-08-14T06:33:34.560Z] [31MERROR[39M: Invalid access token, please log in
[2025-08-14T06:33:34.908Z] [31MERROR[39M: Refresh token not found
[2025-08-14T06:33:41.491Z] [31MERROR[39M: Record not found
[2025-08-14T06:33:46.579Z] [31MERROR[39M: Invalid access token, please log in
[2025-08-14T06:33:46.904Z] [31MERROR[39M: Refresh token not found
[2025-08-15T06:04:56.603Z] [31MERROR[39M: Unauthorized, please log in
[2025-08-15T06:04:57.104Z] [31MERROR[39M: Refresh token not found
[2025-08-15T06:05:07.706Z] [31MERROR[39M: Unauthorized, please log in
[2025-08-15T06:05:07.753Z] [31MERROR[39M: Unauthorized, please log in
[2025-08-15T06:05:07.763Z] [31MERROR[39M: Unauthorized, please log in
[2025-08-15T06:05:07.774Z] [31MERROR[39M: Unauthorized, please log in
[2025-08-15T06:05:07.784Z] [31MERROR[39M: Unauthorized, please log in
[2025-08-15T06:05:07.892Z] [31MERROR[39M: Refresh token not found
[2025-08-15T06:05:07.925Z] [31MERROR[39M: Refresh token not found
[2025-08-15T06:05:08.680Z] [31MERROR[39M: Refresh token not found
[2025-08-15T06:05:08.693Z] [31MERROR[39M: Refresh token not found
[2025-08-15T06:05:08.702Z] [31MERROR[39M: Refresh token not found
[2025-08-15T06:05:10.343Z] [31MERROR[39M: Unauthorized, please log in
[2025-08-15T06:05:10.545Z] [31MERROR[39M: Refresh token not found
[2025-08-15T06:09:55.487Z] [31MERROR[39M: Unauthorized, please log in
[2025-08-15T06:09:55.776Z] [31MERROR[39M: Refresh token not found
[2025-08-15T06:14:51.783Z] [31MERROR[39M: Unauthorized, please log in
[2025-08-15T06:14:52.121Z] [31MERROR[39M: Refresh token not found
[2025-08-15T06:14:53.729Z] [31MERROR[39M: Unauthorized, please log in
[2025-08-15T06:14:54.414Z] [31MERROR[39M: Refresh token not found
[2025-08-15T06:15:29.146Z] [31MERROR[39M: Unauthorized, please log in
[2025-08-15T06:15:29.382Z] [31MERROR[39M: Refresh token not found
[2025-08-15T06:17:04.787Z] [31MERROR[39M: Unauthorized, please log in
[2025-08-15T06:17:05.023Z] [31MERROR[39M: Refresh token not found
[2025-08-15T06:40:30.701Z] [31MERROR[39M: Invalid access token, please log in
[2025-08-15T06:40:31.641Z] [31MERROR[39M: Invalid access token, please log in
[2025-08-15T06:40:37.723Z] [31MERROR[39M: Invalid access token, please log in
[2025-08-15T06:40:38.381Z] [31MERROR[39M: Invalid access token, please log in
[2025-08-15T06:41:48.446Z] [31MERROR[39M: Variant not found
[2025-08-15T06:49:02.840Z] [31MERROR[39M: Invalid access token, please log in
[2025-08-15T06:49:05.773Z] [31MERROR[39M: Invalid access token, please log in
[2025-08-15T06:49:06.010Z] [31MERROR[39M: Refresh token not found
[2025-08-15T06:49:07.127Z] [31MERROR[39M: Invalid access token, please log in
[2025-08-15T06:49:07.367Z] [31MERROR[39M: Refresh token not found
[2025-08-15T07:03:38.408Z] [31MERROR[39M: Unauthorized, please log in
[2025-08-15T07:03:40.931Z] [31MERROR[39M: Refresh token not found
[2025-08-15T07:03:42.690Z] [31MERROR[39M: Unauthorized, please log in
[2025-08-15T07:03:42.816Z] [31MERROR[39M: Refresh token not found
[2025-08-15T07:03:51.410Z] [31MERROR[39M: Unauthorized, please log in
[2025-08-15T07:03:51.571Z] [31MERROR[39M: Refresh token not found
[2025-08-15T07:13:00.089Z] [31MERROR[39M: Unauthorized, please log in
[2025-08-15T07:13:01.103Z] [31MERROR[39M: Refresh token not found
[2025-08-15T07:13:05.430Z] [31MERROR[39M: Unauthorized, please log in
[2025-08-15T07:13:05.738Z] [31MERROR[39M: Refresh token not found
[2025-08-15T07:13:20.642Z] [31MERROR[39M: Cart is empty
[2025-08-15T07:38:04.531Z] [31MERROR[39M: Unauthorized, please log in
[2025-08-15T07:38:05.041Z] [31MERROR[39M: Refresh token not found
[2025-08-15T07:38:28.059Z] [31MERROR[39M: Unauthorized, please log in
[2025-08-15T07:38:28.365Z] [31MERROR[39M: Refresh token not found
[2025-08-15T07:53:01.565Z] [31MERROR[39M: Unauthorized, please log in
[2025-08-15T07:53:02.287Z] [31MERROR[39M: Refresh token not found
[2025-08-15T07:53:11.255Z] [31MERROR[39M: Unauthorized, please log in
[2025-08-15T07:53:11.531Z] [31MERROR[39M: Refresh token not found
[2025-08-15T08:10:51.031Z] [31MERROR[39M: Invalid access token, please log in
[2025-08-15T08:10:53.640Z] [31MERROR[39M: Invalid access token, please log in
[2025-08-15T08:11:23.337Z] [31MERROR[39M: Invalid access token, please log in
[2025-08-15T08:11:24.215Z] [31MERROR[39M: Invalid access token, please log in
[2025-08-15T08:19:02.612Z] [31MERROR[39M: Unauthorized, please log in
[2025-08-15T08:19:03.292Z] [31MERROR[39M: Refresh token not found
[2025-08-15T08:51:08.887Z] [31MERROR[39M: Invalid access token, please log in
[2025-08-15T08:51:10.375Z] [31MERROR[39M: Invalid access token, please log in
[2025-08-15T09:14:39.794Z] [31MERROR[39M: Invalid access token, please log in
[2025-08-15T09:14:40.738Z] [31MERROR[39M: Invalid access token, please log in
[2025-08-15T09:28:10.645Z] [31MERROR[39M: Invalid access token, please log in
[2025-08-15T09:28:11.725Z] [31MERROR[39M: User not found
[2025-08-15T10:08:13.403Z] [31MERROR[39M: Invalid access token, please log in
[2025-08-15T10:08:14.041Z] [31MERROR[39M: User not found
[2025-08-15T10:08:26.623Z] [31MERROR[39M: Invalid access token, please log in
[2025-08-15T10:08:27.439Z] [31MERROR[39M: User not found
[2025-08-15T10:26:32.505Z] [31MERROR[39M: Unauthorized, please log in
[2025-08-15T10:26:32.933Z] [31MERROR[39M: Refresh token not found
[2025-08-15T10:26:48.983Z] [31MERROR[39M: Unauthorized, please log in
[2025-08-15T10:26:49.292Z] [31MERROR[39M: Refresh token not found
[2025-08-15T10:27:02.393Z] [31MERROR[39M: Unauthorized, please log in
[2025-08-15T10:27:02.785Z] [31MERROR[39M: Refresh token not found
[2025-08-15T10:27:24.696Z] [31MERROR[39M: Unauthorized, please log in
[2025-08-15T10:27:25.604Z] [31MERROR[39M: Refresh token not found
[2025-08-15T10:27:26.137Z] [31MERROR[39M: Unauthorized, please log in
[2025-08-15T10:27:26.434Z] [31MERROR[39M: Refresh token not found
[2025-08-15T10:33:22.418Z] [31MERROR[39M: Unauthorized, please log in
[2025-08-15T10:33:22.849Z] [31MERROR[39M: Refresh token not found
[2025-08-15T10:33:33.663Z] [31MERROR[39M: Unauthorized, please log in
[2025-08-15T10:33:33.982Z] [31MERROR[39M: Refresh token not found
[2025-08-15T10:39:12.677Z] [31MERROR[39M: User no longer exists.
[2025-08-15T10:39:12.684Z] [31MERROR[39M: User no longer exists.
[2025-08-15T10:39:12.700Z] [31MERROR[39M: User no longer exists.
[2025-08-15T10:39:12.847Z] [31MERROR[39M: User no longer exists.
[2025-08-15T10:39:13.373Z] [31MERROR[39M: User not found
[2025-08-15T10:39:13.390Z] [31MERROR[39M: User not found
[2025-08-15T10:39:13.424Z] [31MERROR[39M: User not found
[2025-08-15T10:39:13.437Z] [31MERROR[39M: User not found
[2025-08-15T10:39:56.006Z] [31MERROR[39M: User no longer exists.
[2025-08-15T10:39:56.523Z] [31MERROR[39M: User not found
[2025-08-15T10:40:02.247Z] [31MERROR[39M: User no longer exists.
[2025-08-15T10:40:02.774Z] [31MERROR[39M: User not found
[2025-08-15T10:50:18.413Z] [31MERROR[39M: Invalid access token, please log in
[2025-08-15T10:50:19.097Z] [31MERROR[39M: User not found
[2025-08-15T10:50:23.653Z] [31MERROR[39M: Invalid access token, please log in
[2025-08-15T10:50:24.228Z] [31MERROR[39M: User not found
[2025-08-15T10:50:42.165Z] [31MERROR[39M: Invalid access token, please log in
[2025-08-15T10:50:42.554Z] [31MERROR[39M: User not found
[2025-08-15T10:53:56.355Z] [31MERROR[39M: Invalid access token, please log in
[2025-08-15T10:53:56.791Z] [31MERROR[39M: User not found
[2025-08-15T10:55:47.906Z] [31MERROR[39M: Invalid access token, please log in
[2025-08-15T10:55:48.893Z] [31MERROR[39M: User not found
[2025-08-15T10:55:49.309Z] [31MERROR[39M: Duplicate field value entered
[2025-08-15T10:56:06.673Z] [31MERROR[39M: Invalid access token, please log in
[2025-08-15T10:56:07.168Z] [31MERROR[39M: User not found
[2025-08-15T10:56:31.911Z] [31MERROR[39M: Cart is empty
[2025-08-15T11:08:50.719Z] [31MERROR[39M: Unauthorized, please log in
[2025-08-15T11:08:52.659Z] [31MERROR[39M: Refresh token not found
[2025-08-15T13:43:47.130Z] [31MERROR[39M: Unauthorized, please log in
[2025-08-15T13:43:47.614Z] [31MERROR[39M: Refresh token not found
[2025-08-15T15:38:05.408Z] [31MERROR[39M: Unauthorized, please log in
[2025-08-15T15:38:05.823Z] [31MERROR[39M: Refresh token not found
[2025-08-15T16:10:01.140Z] [31MERROR[39M: Unauthorized, please log in
[2025-08-15T16:10:02.961Z] [31MERROR[39M: Refresh token not found
[2025-08-15T16:15:17.654Z] [31MERROR[39M: Unauthorized, please log in
[2025-08-15T16:15:18.902Z] [31MERROR[39M: Unauthorized, please log in
[2025-08-15T16:15:19.272Z] [31MERROR[39M: Refresh token not found
[2025-08-15T16:15:25.602Z] [31MERROR[39M: Unauthorized, please log in
[2025-08-15T16:15:26.222Z] [31MERROR[39M: Refresh token not found
[2025-08-15T16:15:28.291Z] [31MERROR[39M: Unauthorized, please log in
[2025-08-15T16:15:28.537Z] [31MERROR[39M: Refresh token not found
[2025-08-15T16:15:36.768Z] [31MERROR[39M: Unauthorized, please log in
[2025-08-15T16:15:37.239Z] [31MERROR[39M: Refresh token not found
[2025-08-15T16:15:38.276Z] [31MERROR[39M: Unauthorized, please log in
[2025-08-15T16:15:38.502Z] [31MERROR[39M: Refresh token not found
[2025-08-15T16:15:44.916Z] [31MERROR[39M: Unauthorized, please log in
[2025-08-15T16:15:45.186Z] [31MERROR[39M: Refresh token not found
[2025-08-15T16:15:46.160Z] [31MERROR[39M: Unauthorized, please log in
[2025-08-15T16:15:46.558Z] [31MERROR[39M: Refresh token not found
[2025-08-15T16:23:14.077Z] [31MERROR[39M: Unauthorized, please log in
[2025-08-15T16:23:14.781Z] [31MERROR[39M: Refresh token not found
[2025-08-15T16:25:26.355Z] [31MERROR[39M: Unauthorized, please log in
[2025-08-15T16:25:26.673Z] [31MERROR[39M: Refresh token not found
[2025-08-15T16:25:36.803Z] [31MERROR[39M: Unauthorized, please log in
[2025-08-15T16:25:37.016Z] [31MERROR[39M: Refresh token not found
[2025-08-15T16:25:38.859Z] [31MERROR[39M: Unauthorized, please log in
[2025-08-15T16:25:39.087Z] [31MERROR[39M: Refresh token not found
[2025-08-15T16:30:11.278Z] [31MERROR[39M: Unauthorized, please log in
[2025-08-15T16:30:11.627Z] [31MERROR[39M: Refresh token not found
[2025-08-15T16:30:24.462Z] [31MERROR[39M: Unauthorized, please log in
[2025-08-15T16:30:24.677Z] [31MERROR[39M: Refresh token not found
[2025-08-15T16:30:32.868Z] [31MERROR[39M: Unauthorized, please log in
[2025-08-15T16:30:33.097Z] [31MERROR[39M: Refresh token not found
[2025-08-15T16:34:27.359Z] [31MERROR[39M: Unauthorized, please log in
[2025-08-15T16:34:27.765Z] [31MERROR[39M: Refresh token not found
[2025-08-15T16:34:37.229Z] [31MERROR[39M: Unauthorized, please log in
[2025-08-15T16:34:37.588Z] [31MERROR[39M: Refresh token not found
[2025-08-15T16:34:44.940Z] [31MERROR[39M: Unauthorized, please log in
[2025-08-15T16:34:45.230Z] [31MERROR[39M: Refresh token not found
[2025-08-15T16:50:04.556Z] [31MERROR[39M: Invalid access token, please log in
[2025-08-15T16:50:04.561Z] [31MERROR[39M: Invalid access token, please log in
[2025-08-15T16:50:04.617Z] [31MERROR[39M: Invalid access token, please log in
[2025-08-15T16:50:04.620Z] [31MERROR[39M: Invalid access token, please log in
[2025-08-15T16:50:04.624Z] [31MERROR[39M: Invalid access token, please log in
[2025-08-15T16:50:05.076Z] [31MERROR[39M: Invalid access token, please log in
[2025-08-15T16:50:05.079Z] [31MERROR[39M: Invalid access token, please log in
[2025-08-15T16:50:05.342Z] [31MERROR[39M: Invalid access token, please log in
[2025-08-15T16:50:05.410Z] [31MERROR[39M: Invalid access token, please log in
[2025-08-15T16:50:05.530Z] [31MERROR[39M: Invalid access token, please log in
[2025-08-15T16:50:05.898Z] [31MERROR[39M: Refresh token not found
[2025-08-15T16:50:06.052Z] [31MERROR[39M: Refresh token not found
[2025-08-15T16:50:06.160Z] [31MERROR[39M: Invalid access token, please log in
[2025-08-15T16:50:06.255Z] [31MERROR[39M: Invalid access token, please log in
[2025-08-15T16:50:06.260Z] [31MERROR[39M: Refresh token not found
[2025-08-15T16:50:06.262Z] [31MERROR[39M: Refresh token not found
[2025-08-15T16:50:06.263Z] [31MERROR[39M: Refresh token not found
[2025-08-15T16:50:06.366Z] [31MERROR[39M: Invalid access token, please log in
[2025-08-15T16:50:06.455Z] [31MERROR[39M: Invalid access token, please log in
[2025-08-15T16:50:06.542Z] [31MERROR[39M: Invalid access token, please log in
[2025-08-15T16:50:10.747Z] [31MERROR[39M: Invalid access token, please log in
[2025-08-15T16:50:11.471Z] [31MERROR[39M: Invalid access token, please log in
[2025-11-09T23:21:13.904Z] [31MERROR[39M: Unauthorized, please log in
[2025-11-09T23:21:14.013Z] [31MERROR[39M: Refresh token not found
[2025-11-09T23:21:51.624Z] [31MERROR[39M: secretOrPrivateKey must have a value
[2025-11-09T23:22:17.726Z] [31MERROR[39M: secretOrPrivateKey must have a value
[2025-11-09T23:22:42.161Z] [31MERROR[39M: secretOrPrivateKey must have a value
[2025-11-09T23:22:46.554Z] [31MERROR[39M: Email or password is incorrect.
[2025-11-09T23:22:52.909Z] [31MERROR[39M: Email or password is incorrect.
[2025-11-09T23:23:06.349Z] [31MERROR[39M: Email or password is incorrect.
[2025-11-09T23:36:00.653Z] [31MERROR[39M: Unauthorized, please log in
[2025-11-09T23:36:00.783Z] [31MERROR[39M: Refresh token not found
[2025-11-09T23:36:16.176Z] [31MERROR[39M: Unauthorized, please log in
[2025-11-09T23:36:16.308Z] [31MERROR[39M: Refresh token not found
[2025-11-09T23:36:33.077Z] [31MERROR[39M: secretOrPrivateKey must have a value
[2025-11-09T23:36:40.826Z] [31MERROR[39M: Unauthorized, please log in
[2025-11-09T23:36:40.889Z] [31MERROR[39M: Refresh token not found
[2025-11-09T23:37:14.828Z] [31MERROR[39M: Unauthorized, please log in
[2025-11-09T23:37:14.864Z] [31MERROR[39M: Refresh token not found
[2025-11-09T23:37:29.741Z] [31MERROR[39M: Unauthorized, please log in
[2025-11-09T23:37:29.808Z] [31MERROR[39M: Refresh token not found
[2025-11-09T23:37:41.653Z] [31MERROR[39M: Unauthorized, please log in
[2025-11-09T23:37:41.719Z] [31MERROR[39M: Refresh token not found
[2025-11-09T23:37:41.939Z] [31MERROR[39M: Unauthorized, please log in
[2025-11-09T23:37:42.004Z] [31MERROR[39M: Refresh token not found
[2025-11-09T23:38:01.256Z] [31MERROR[39M: Unauthorized, please log in
[2025-11-09T23:38:01.302Z] [31MERROR[39M: Refresh token not found
[2025-11-09T23:47:02.740Z] [31MERROR[39M: secretOrPrivateKey must have a value
[2025-11-09T23:47:17.033Z] [31MERROR[39M: secretOrPrivateKey must have a value
[2025-11-09T23:56:29.012Z] [31MERROR[39M: secretOrPrivateKey must have a value
[2025-11-10T00:03:16.231Z] [31MERROR[39M: secretOrPrivateKey must have a value
[2025-11-10T00:03:36.833Z] [31MERROR[39M: Unauthorized, please log in
[2025-11-10T00:03:36.938Z] [31MERROR[39M: Refresh token not found
[2025-11-10T00:04:09.015Z] [31MERROR[39M: secretOrPrivateKey must have a value
[2025-11-10T00:08:52.306Z] [31MERROR[39M: Invalid access token, please log in
[2025-11-10T00:08:52.372Z] [31MERROR[39M: Invalid access token, please log in
[2025-11-10T00:08:52.408Z] [31MERROR[39M: Invalid access token, please log in
[2025-11-10T00:08:52.434Z] [31MERROR[39M: Invalid access token, please log in
[2025-11-10T00:08:52.453Z] [31MERROR[39M: Invalid access token, please log in
[2025-11-10T00:08:52.482Z] [31MERROR[39M: Invalid access token, please log in
[2025-11-10T00:08:52.488Z] [31MERROR[39M: Invalid access token, please log in
[2025-11-10T00:08:52.494Z] [31MERROR[39M: Invalid access token, please log in
[2025-11-10T00:08:52.521Z] [31MERROR[39M: Invalid access token, please log in
[2025-11-10T00:08:52.592Z] [31MERROR[39M: Invalid access token, please log in
[2025-11-10T00:08:52.682Z] [31MERROR[39M: secret or public key must be provided
[2025-11-10T00:08:52.703Z] [31MERROR[39M: secret or public key must be provided
[2025-11-10T00:08:52.707Z] [31MERROR[39M: secret or public key must be provided
[2025-11-10T00:08:52.716Z] [31MERROR[39M: secret or public key must be provided
[2025-11-10T00:08:52.721Z] [31MERROR[39M: secret or public key must be provided
[2025-11-10T00:08:52.727Z] [31MERROR[39M: secret or public key must be provided
[2025-11-10T00:08:52.811Z] [31MERROR[39M: secret or public key must be provided
[2025-11-10T00:08:52.839Z] [31MERROR[39M: secret or public key must be provided
[2025-11-10T00:08:52.849Z] [31MERROR[39M: secret or public key must be provided
[2025-11-10T00:08:52.854Z] [31MERROR[39M: secret or public key must be provided
[2025-11-10T00:09:15.379Z] [31MERROR[39M: Invalid access token, please log in
[2025-11-10T00:09:15.411Z] [31MERROR[39M: Invalid access token, please log in
[2025-11-10T00:09:15.427Z] [31MERROR[39M: Invalid access token, please log in
[2025-11-10T00:09:15.451Z] [31MERROR[39M: Invalid access token, please log in
[2025-11-10T00:09:15.469Z] [31MERROR[39M: Invalid access token, please log in
[2025-11-10T00:09:15.483Z] [31MERROR[39M: Invalid access token, please log in
[2025-11-10T00:09:15.495Z] [31MERROR[39M: Invalid access token, please log in
[2025-11-10T00:09:15.620Z] [31MERROR[39M: Invalid access token, please log in
[2025-11-10T00:09:15.645Z] [31MERROR[39M: Invalid access token, please log in
[2025-11-10T00:09:15.659Z] [31MERROR[39M: Invalid access token, please log in
[2025-11-10T00:09:15.730Z] [31MERROR[39M: secret or public key must be provided
[2025-11-10T00:09:15.782Z] [31MERROR[39M: secret or public key must be provided
[2025-11-10T00:09:15.804Z] [31MERROR[39M: secret or public key must be provided
[2025-11-10T00:09:15.810Z] [31MERROR[39M: secret or public key must be provided
[2025-11-10T00:09:15.815Z] [31MERROR[39M: secret or public key must be provided
[2025-11-10T00:09:15.832Z] [31MERROR[39M: secret or public key must be provided
[2025-11-10T00:09:15.863Z] [31MERROR[39M: secret or public key must be provided
[2025-11-10T00:09:15.972Z] [31MERROR[39M: secret or public key must be provided
[2025-11-10T00:09:15.978Z] [31MERROR[39M: secret or public key must be provided
[2025-11-10T00:09:15.987Z] [31MERROR[39M: secret or public key must be provided
[2025-11-10T00:10:57.629Z] [31MERROR[39M: Invalid access token, please log in
[2025-11-10T00:10:57.641Z] [31MERROR[39M: Invalid access token, please log in
[2025-11-10T00:10:57.666Z] [31MERROR[39M: Invalid access token, please log in
[2025-11-10T00:10:57.726Z] [31MERROR[39M: Invalid access token, please log in
[2025-11-10T00:10:57.739Z] [31MERROR[39M: Invalid access token, please log in
[2025-11-10T00:10:57.757Z] [31MERROR[39M: Invalid access token, please log in
[2025-11-10T00:10:57.777Z] [31MERROR[39M: Invalid access token, please log in
[2025-11-10T00:10:57.790Z] [31MERROR[39M: Invalid access token, please log in
[2025-11-10T00:10:57.803Z] [31MERROR[39M: Invalid access token, please log in
[2025-11-10T00:10:57.806Z] [31MERROR[39M: Invalid access token, please log in
[2025-11-10T00:10:57.957Z] [31MERROR[39M: secret or public key must be provided
[2025-11-10T00:10:57.968Z] [31MERROR[39M: secret or public key must be provided
[2025-11-10T00:10:57.985Z] [31MERROR[39M: secret or public key must be provided
[2025-11-10T00:10:58.015Z] [31MERROR[39M: secret or public key must be provided
[2025-11-10T00:10:58.021Z] [31MERROR[39M: secret or public key must be provided
[2025-11-10T00:10:58.026Z] [31MERROR[39M: secret or public key must be provided
[2025-11-10T00:10:58.047Z] [31MERROR[39M: secret or public key must be provided
[2025-11-10T00:10:58.065Z] [31MERROR[39M: secret or public key must be provided
[2025-11-10T00:10:58.107Z] [31MERROR[39M: secret or public key must be provided
[2025-11-10T00:10:58.137Z] [31MERROR[39M: secret or public key must be provided
[2025-11-10T17:25:33.488Z] [31MERROR[39M: Unauthorized, please log in
[2025-11-10T17:25:33.618Z] [31MERROR[39M: Refresh token not found
[2025-11-10T17:25:56.701Z] [31MERROR[39M: Invalid access token, please log in
[2025-11-10T17:25:56.716Z] [31MERROR[39M: Invalid access token, please log in
[2025-11-10T17:25:56.739Z] [31MERROR[39M: Invalid access token, please log in
[2025-11-10T17:25:56.755Z] [31MERROR[39M: Invalid access token, please log in
[2025-11-10T17:25:56.770Z] [31MERROR[39M: Invalid access token, please log in
[2025-11-10T17:25:56.794Z] [31MERROR[39M: Invalid access token, please log in
[2025-11-10T17:25:56.865Z] [31MERROR[39M: Invalid access token, please log in
[2025-11-10T17:25:56.869Z] [31MERROR[39M: Invalid access token, please log in
[2025-11-10T17:25:56.898Z] [31MERROR[39M: Invalid access token, please log in
[2025-11-10T17:25:56.901Z] [31MERROR[39M: Invalid access token, please log in
[2025-11-10T17:25:57.009Z] [31MERROR[39M: secret or public key must be provided
[2025-11-10T17:25:57.018Z] [31MERROR[39M: secret or public key must be provided
[2025-11-10T17:25:57.030Z] [31MERROR[39M: secret or public key must be provided
[2025-11-10T17:25:57.035Z] [31MERROR[39M: secret or public key must be provided
[2025-11-10T17:25:57.039Z] [31MERROR[39M: secret or public key must be provided
[2025-11-10T17:25:57.054Z] [31MERROR[39M: secret or public key must be provided
[2025-11-10T17:25:57.092Z] [31MERROR[39M: secret or public key must be provided
[2025-11-10T17:25:57.109Z] [31MERROR[39M: secret or public key must be provided
[2025-11-10T17:25:57.174Z] [31MERROR[39M: secret or public key must be provided
[2025-11-10T17:25:57.196Z] [31MERROR[39M: secret or public key must be provided
[2025-11-10T17:40:01.039Z] [31MERROR[39M: Invalid access token, please log in
[2025-11-10T17:40:01.232Z] [31MERROR[39M: invalid signature
[2025-11-10T17:40:23.814Z] [31MERROR[39M: Invalid access token, please log in
[2025-11-10T17:40:23.844Z] [31MERROR[39M: Invalid access token, please log in
[2025-11-10T17:40:23.863Z] [31MERROR[39M: Invalid access token, please log in
[2025-11-10T17:40:23.908Z] [31MERROR[39M: Invalid access token, please log in
[2025-11-10T17:40:23.947Z] [31MERROR[39M: Invalid access token, please log in
[2025-11-10T17:40:23.987Z] [31MERROR[39M: Invalid access token, please log in
[2025-11-10T17:40:24.008Z] [31MERROR[39M: Invalid access token, please log in
[2025-11-10T17:40:24.011Z] [31MERROR[39M: Invalid access token, please log in
[2025-11-10T17:40:24.016Z] [31MERROR[39M: Invalid access token, please log in
[2025-11-10T17:40:24.042Z] [31MERROR[39M: Invalid access token, please log in
[2025-11-10T17:40:24.056Z] [31MERROR[39M: invalid signature
[2025-11-10T17:40:24.077Z] [31MERROR[39M: invalid signature
[2025-11-10T17:40:24.080Z] [31MERROR[39M: invalid signature
[2025-11-10T17:40:24.084Z] [31MERROR[39M: invalid signature
[2025-11-10T17:40:24.095Z] [31MERROR[39M: invalid signature
[2025-11-10T17:40:24.117Z] [31MERROR[39M: invalid signature
[2025-11-10T17:40:24.121Z] [31MERROR[39M: invalid signature
[2025-11-10T17:40:24.129Z] [31MERROR[39M: invalid signature
[2025-11-10T17:40:24.142Z] [31MERROR[39M: invalid signature
[2025-11-10T17:40:24.148Z] [31MERROR[39M: invalid signature
[2025-11-10T17:49:25.748Z] [31MERROR[39M: Invalid access token, please log in
[2025-11-10T17:49:25.930Z] [31MERROR[39M: invalid signature
[2025-11-10T22:33:03.248Z] [31MERROR[39M: Unauthorized, please log in
[2025-11-10T22:33:03.426Z] [31MERROR[39M: Refresh token not found
[2025-11-10T22:34:14.904Z] [31MERROR[39M: Unauthorized, please log in
[2025-11-10T22:34:14.977Z] [31MERROR[39M: Refresh token not found
[2025-11-10T22:40:21.776Z] [31MERROR[39M: You have already reviewed this product
[2025-11-16T17:06:51.260Z] [31MERROR[39M: No Stripe signature
[2025-11-16T17:12:51.668Z] [31MERROR[39M: Seller profile not found
[2025-11-16T18:02:56.533Z] [31MERROR[39M: Invalid input. Please check your request data.
[2025-11-16T18:07:23.427Z] [31MERROR[39M: Email or password is incorrect.
[2025-11-16T18:08:07.930Z] [31MERROR[39M: Email or password is incorrect.
[2025-11-16T18:12:54.562Z] [31MERROR[39M: Email or password is incorrect.
[2025-11-16T18:30:08.877Z] [31MERROR[39M: Expected double-quoted property name in JSON at position 56 (line 4 column 1)
[2025-11-16T18:34:57.598Z] [31MERROR[39M: No addresses found for this user
[2025-11-19T13:40:50.464Z] [31MERROR[39M: User not found.
[2025-11-19T14:01:07.838Z] [31MERROR[39M: No addresses found for this user
[2025-11-19T14:05:29.842Z] [31MERROR[39M: Unauthorized, please log in
[2025-11-19T14:18:30.581Z] [31MERROR[39M: Validation errors:
[2025-11-19T14:18:30.585Z] [31MERROR[39M: Validation failed
[2025-11-19T14:19:19.370Z] [31MERROR[39M: Validation errors:
[2025-11-19T14:19:19.372Z] [31MERROR[39M: Validation failed
[2025-11-19T14:20:34.779Z] [31MERROR[39M: Validation errors:
[2025-11-19T14:20:34.782Z] [31MERROR[39M: Validation failed
[2025-11-19T14:25:42.488Z] [31MERROR[39M: Validation errors:
[2025-11-19T14:25:42.491Z] [31MERROR[39M: Validation failed
[2025-11-19T14:34:44.233Z] [31MERROR[39M: Only sellers can create products
[2025-11-19T15:00:50.060Z] [31MERROR[39M: User not found.
[2025-11-19T15:07:37.727Z] [31MERROR[39M: At least one variant is required
[2025-11-19T15:47:15.817Z] [31MERROR[39M: Invalid access token, please log in
[2025-11-19T15:50:26.870Z] [31MERROR[39M: At least one variant is required
[2025-11-19T16:00:14.753Z] [31MERROR[39M: At least one variant is required
[2025-11-19T16:00:59.732Z] [31MERROR[39M: At least one variant is required
[2025-11-23T22:54:05.949Z] [31MERROR[39M: Unauthorized, please log in
[2025-11-23T22:54:06.141Z] [31MERROR[39M: Refresh token not found
[2025-11-23T22:54:51.191Z] [31MERROR[39M: User not found.
[2025-11-24T19:04:32.546Z] [31MERROR[39M: Unauthorized, please log in
[2025-11-24T19:04:32.819Z] [31MERROR[39M: Refresh token not found
[2025-11-24T20:02:41.652Z] [31MERROR[39M: User not found.
[2025-11-24T20:04:14.973Z] [31MERROR[39M: Email or password is incorrect.
[2025-11-24T20:05:05.844Z] [31MERROR[39M: Email or password is incorrect.
[2025-11-24T21:06:40.266Z] [31MERROR[39M: Invalid input. Please check your request data.
[2025-11-24T21:42:07.886Z] [31MERROR[39M: Invalid access token, please log in
[2025-11-24T21:42:08.968Z] [31MERROR[39M: Invalid access token, please log in
[2025-11-25T15:57:46.502Z] [31MERROR[39M: Unauthorized, please log in
[2025-11-25T15:57:46.626Z] [31MERROR[39M: Refresh token not found
[2025-11-25T16:00:07.385Z] [31MERROR[39M: Invalid input. Please check your request data.
[2025-11-25T16:33:40.324Z] [31MERROR[39M: Invalid access token, please log in
[2025-11-25T16:33:40.418Z] [31MERROR[39M: Invalid access token, please log in
[2025-11-25T16:35:00.994Z] [31MERROR[39M: Failed to upload images to Cloudinary
[2025-11-25T17:54:34.207Z] [31MERROR[39M: Invalid access token, please log in
[2025-11-25T17:54:35.583Z] [31MERROR[39M: Invalid access token, please log in
[2025-11-25T17:56:33.599Z] [31MERROR[39M: Invalid access token, please log in
[2025-11-25T17:56:35.669Z] [31MERROR[39M: Invalid access token, please log in
[2025-11-25T17:59:54.667Z] [31MERROR[39M: Invalid input. Please check your request data.
[2025-11-25T18:20:17.082Z] [31MERROR[39M: Invalid access token, please log in
[2025-11-25T18:20:17.989Z] [31MERROR[39M: Invalid access token, please log in
[2025-11-25T18:36:31.411Z] [31MERROR[39M: Invalid access token, please log in
[2025-11-25T18:36:31.707Z] [31MERROR[39M: Invalid access token, please log in
[2025-11-25T23:15:14.053Z] [31MERROR[39M: Invalid access token, please log in
[2025-11-25T23:15:14.256Z] [31MERROR[39M: Invalid access token, please log in
[2025-11-25T23:40:46.160Z] [31MERROR[39M: Invalid input. Please check your request data.
[2025-11-25T23:42:02.449Z] [31MERROR[39M: Variant at index 0 has invalid SKU. Use alphanumeric characters and dashes, 3-50 characters.
[2025-11-26T00:03:01.571Z] [31MERROR[39M: Invalid access token, please log in
[2025-11-26T00:03:01.768Z] [31MERROR[39M: Invalid access token, please log in
[2025-11-26T01:15:36.222Z] [31MERROR[39M: Variant at index 0 must have sku, price, and stock
[2025-11-26T01:21:25.149Z] [31MERROR[39M: Invalid input. Please check your request data.
[2025-11-26T01:25:43.150Z] [31MERROR[39M: At least one variant is required
[2025-11-26T19:56:25.760Z] [31MERROR[39M: Unauthorized, please log in
[2025-11-26T19:56:25.980Z] [31MERROR[39M: Refresh token not found
[2025-11-26T19:59:13.386Z] [31MERROR[39M: Invalid input. Please check your request data.
[2025-11-26T20:14:48.306Z] [31MERROR[39M: Unauthorized, please log in
[2025-11-26T20:14:48.398Z] [31MERROR[39M: Refresh token not found
[2025-11-26T20:36:15.060Z] [31MERROR[39M: Invalid access token, please log in
[2025-11-26T20:36:15.961Z] [31MERROR[39M: Invalid access token, please log in
[2025-11-26T20:36:57.116Z] [31MERROR[39M: Validation errors:
[2025-11-26T20:36:57.122Z] [31MERROR[39M: Validation failed
[2025-11-26T20:36:57.135Z] [31MERROR[39M: Validation errors:
[2025-11-26T20:36:57.144Z] [31MERROR[39M: Validation failed
[2025-11-26T20:39:47.157Z] [31MERROR[39M: Validation errors:
[2025-11-26T20:39:47.170Z] [31MERROR[39M: Validation failed
[2025-11-26T20:39:47.191Z] [31MERROR[39M: Validation errors:
[2025-11-26T20:39:47.199Z] [31MERROR[39M: Validation failed
[2025-11-26T21:15:37.427Z] [31MERROR[39M: Validation errors:
[2025-11-26T21:15:37.430Z] [31MERROR[39M: Validation failed
[2025-11-26T21:15:37.434Z] [31MERROR[39M: Validation errors:
[2025-11-26T21:15:37.436Z] [31MERROR[39M: Validation failed
[2025-11-26T21:16:10.716Z] [31MERROR[39M: Validation errors:
[2025-11-26T21:16:10.718Z] [31MERROR[39M: Validation failed
[2025-11-26T21:16:10.723Z] [31MERROR[39M: Validation errors:
[2025-11-26T21:16:10.725Z] [31MERROR[39M: Validation failed
[2025-11-26T21:29:09.289Z] [31MERROR[39M: Validation errors:
[2025-11-26T21:29:09.291Z] [31MERROR[39M: Validation failed
[2025-11-26T21:29:09.298Z] [31MERROR[39M: Validation errors:
[2025-11-26T21:29:09.300Z] [31MERROR[39M: Validation failed
[2025-11-26T21:33:02.734Z] [31MERROR[39M: Invalid input. Please check your request data.
[2025-11-26T21:33:47.875Z] [31MERROR[39M: Validation errors:
[2025-11-26T21:33:47.897Z] [31MERROR[39M: Validation failed
[2025-11-26T21:49:36.698Z] [31MERROR[39M: Validation errors:
[2025-11-26T21:49:36.699Z] [31MERROR[39M: Validation failed
[2025-11-26T22:03:19.250Z] [31MERROR[39M: Validation errors:
[2025-11-26T22:03:19.256Z] [31MERROR[39M: Validation failed
[2025-11-26T22:15:32.402Z] [31MERROR[39M: Invalid access token, please log in
[2025-11-26T22:15:32.809Z] [31MERROR[39M: Invalid access token, please log in
[2025-11-28T01:34:03.489Z] [31MERROR[39M: Unauthorized, please log in
[2025-11-28T01:34:03.639Z] [31MERROR[39M: Refresh token not found
[2025-11-28T02:03:00.638Z] [31MERROR[39M: Invalid access token, please log in
[2025-11-28T02:03:00.755Z] [31MERROR[39M: jwt is not defined
[2025-11-28T02:18:58.447Z] [31MERROR[39M: Email or password is incorrect.
[2025-11-28T02:40:02.704Z] [31MERROR[39M: Invalid access token, please log in
[2025-11-28T02:40:03.027Z] [31MERROR[39M: jwt is not defined
[2025-11-28T02:53:16.985Z] [31MERROR[39M: Validation errors:
[2025-11-28T02:53:16.989Z] [31MERROR[39M: Validation failed
[2025-11-28T02:55:15.864Z] [31MERROR[39M: Validation errors:
[2025-11-28T02:55:15.867Z] [31MERROR[39M: Validation failed
[2025-11-28T02:55:51.363Z] [31MERROR[39M: Validation errors:
[2025-11-28T02:55:51.365Z] [31MERROR[39M: Validation failed
[2025-11-28T17:38:02.700Z] [31MERROR[39M: Unauthorized, please log in
[2025-11-28T17:38:02.848Z] [31MERROR[39M: Refresh token not found
[2025-11-28T17:45:43.931Z] [31MERROR[39M: Validation errors:
[2025-11-28T17:45:43.936Z] [31MERROR[39M: Validation failed
[2025-11-28T17:59:27.706Z] [31MERROR[39M: Validation errors:
[2025-11-28T17:59:27.708Z] [31MERROR[39M: Validation failed
[2025-11-28T18:03:29.051Z] [31MERROR[39M: Validation errors:
[2025-11-28T18:03:29.055Z] [31MERROR[39M: Validation failed
[2025-11-28T18:03:41.794Z] [31MERROR[39M: Invalid input. Please check your request data.
[2025-11-28T18:25:13.951Z] [31MERROR[39M: Invalid access token, please log in
[2025-11-28T18:25:14.055Z] [31MERROR[39M: jwt is not defined
[2025-11-28T18:25:14.167Z] [31MERROR[39M: Invalid access token, please log in
[2025-11-28T18:25:14.429Z] [31MERROR[39M: jwt is not defined
[2025-11-28T18:25:28.986Z] [31MERROR[39M: Invalid access token, please log in
[2025-11-28T18:25:29.144Z] [31MERROR[39M: jwt is not defined
[2025-11-28T18:25:42.344Z] [31MERROR[39M: Invalid access token, please log in
[2025-11-28T18:25:42.644Z] [31MERROR[39M: jwt is not defined
[2025-11-28T18:25:59.675Z] [31MERROR[39M: Validation errors:
[2025-11-28T18:25:59.677Z] [31MERROR[39M: Validation failed
[2025-11-28T18:26:33.676Z] [31MERROR[39M: Validation errors:
[2025-11-28T18:26:33.683Z] [31MERROR[39M: Validation failed
[2025-11-28T18:26:38.577Z] [31MERROR[39M: Validation errors:
[2025-11-28T18:26:38.580Z] [31MERROR[39M: Validation failed
[2025-11-28T18:27:58.400Z] [31MERROR[39M: Validation errors:
[2025-11-28T18:27:58.405Z] [31MERROR[39M: Validation failed
[2025-11-28T18:29:55.826Z] [31MERROR[39M: Validation errors:
[2025-11-28T18:29:55.835Z] [31MERROR[39M: Validation failed
[2025-11-28T18:34:39.084Z] [31MERROR[39M: Invalid input. Please check your request data.
[2025-11-28T19:23:27.161Z] [31MERROR[39M: Invalid access token, please log in
[2025-11-28T19:25:39.860Z] [31MERROR[39M: Invalid access token, please log in
[2025-11-28T19:25:40.145Z] [31MERROR[39M: jwt is not defined
[2025-11-28T19:26:04.656Z] [31MERROR[39M: Validation errors:
[2025-11-28T19:26:04.660Z] [31MERROR[39M: Validation failed
[2025-11-28T19:26:59.708Z] [31MERROR[39M: Validation errors:
[2025-11-28T19:26:59.710Z] [31MERROR[39M: Validation failed
[2025-11-28T19:28:51.901Z] [31MERROR[39M: Validation errors:
[2025-11-28T19:28:51.904Z] [31MERROR[39M: Validation failed
[2025-11-28T20:32:53.735Z] [31MERROR[39M: Validation errors:
[2025-11-28T20:32:53.743Z] [31MERROR[39M: Validation failed
[2025-11-28T20:33:00.032Z] [31MERROR[39M: Validation errors:
[2025-11-28T20:33:00.036Z] [31MERROR[39M: Validation failed
[2025-11-28T20:35:52.156Z] [31MERROR[39M: Validation errors:
[2025-11-28T20:35:52.159Z] [31MERROR[39M: Validation failed
[2025-11-28T21:04:05.015Z] [31MERROR[39M: Unauthorized, please log in
[2025-11-28T21:04:05.180Z] [31MERROR[39M: Refresh token not found
[2025-11-28T21:04:13.039Z] [31MERROR[39M: Unauthorized, please log in
[2025-11-28T21:04:13.119Z] [31MERROR[39M: Refresh token not found
[2025-11-28T21:24:37.194Z] [31MERROR[39M: Unauthorized, please log in
[2025-11-28T21:24:37.522Z] [31MERROR[39M: Refresh token not found
[2025-11-28T22:00:18.364Z] [31MERROR[39M: Invalid access token, please log in
[2025-11-28T22:00:18.430Z] [31MERROR[39M: jwt is not defined
[2025-11-28T22:00:27.406Z] [31MERROR[39M: Invalid access token, please log in
[2025-11-28T22:00:27.471Z] [31MERROR[39M: jwt is not defined
[2025-11-28T22:29:32.015Z] [31MERROR[39M: Invalid access token, please log in
[2025-11-28T22:29:32.132Z] [31MERROR[39M: jwt is not defined
[2025-11-28T22:57:47.563Z] [31MERROR[39M: Invalid access token, please log in
[2025-11-28T22:57:47.779Z] [31MERROR[39M: jwt is not defined
[2025-11-28T23:54:39.483Z] [31MERROR[39M: Invalid access token, please log in
[2025-11-28T23:54:40.083Z] [31MERROR[39M: jwt is not defined
[2025-11-29T00:29:05.289Z] [31MERROR[39M: Invalid access token, please log in
[2025-11-29T00:29:15.568Z] [31MERROR[39M: Invalid access token, please log in
[2025-11-29T00:29:16.028Z] [31MERROR[39M: jwt is not defined
[2025-11-29T01:04:50.080Z] [31MERROR[39M: Invalid access token, please log in
[2025-11-29T01:04:50.524Z] [31MERROR[39M: jwt is not defined
[2025-11-29T02:09:46.159Z] [31MERROR[39M: Unauthorized, please log in
[2025-11-29T02:09:46.285Z] [31MERROR[39M: Refresh token not found
[2025-11-29T02:10:05.832Z] [31MERROR[39M: Invalid access token, please log in
[2025-11-29T02:10:06.370Z] [31MERROR[39M: Invalid access token, please log in
[2025-11-29T02:30:19.286Z] [31MERROR[39M: Invalid access token, please log in
[2025-11-29T02:30:19.889Z] [31MERROR[39M: Invalid access token, please log in
[2025-11-29T02:32:21.222Z] [31MERROR[39M: Unauthorized, please log in
[2025-11-29T02:32:21.319Z] [31MERROR[39M: Refresh token not found
[2025-11-29T02:52:23.644Z] [31MERROR[39M: localStorage is not defined
[2025-11-29T02:57:48.351Z] [31MERROR[39M: Unauthorized, please log in
[2025-11-29T02:57:48.585Z] [31MERROR[39M: Refresh token not found
[2025-11-29T03:07:33.038Z] [31MERROR[39M: Unauthorized, please log in
[2025-11-29T03:07:33.176Z] [31MERROR[39M: Refresh token not found
[2025-11-29T03:23:13.578Z] [31MERROR[39M: Unauthorized, please log in
[2025-11-29T03:23:13.767Z] [31MERROR[39M: Refresh token not found
[2025-11-29T03:32:56.819Z] [31MERROR[39M: Unauthorized, please log in
[2025-11-29T03:32:56.898Z] [31MERROR[39M: Refresh token not found
[2025-11-29T04:07:31.506Z] [31MERROR[39M: Unauthorized, please log in
[2025-11-29T04:07:31.559Z] [31MERROR[39M: Refresh token not found
[2025-11-29T04:23:51.030Z] [31MERROR[39M: Invalid access token, please log in
[2025-11-29T04:23:51.198Z] [31MERROR[39M: Invalid access token, please log in
[2025-11-29T04:23:59.896Z] [31MERROR[39M: Invalid access token, please log in
[2025-11-29T04:24:00.163Z] [31MERROR[39M: Invalid access token, please log in
[2025-11-29T17:10:44.025Z] [31MERROR[39M: Unauthorized, please log in
[2025-11-29T17:10:44.275Z] [31MERROR[39M: Refresh token not found
[2025-11-29T17:39:03.788Z] [31MERROR[39M: Invalid access token, please log in
[2025-11-29T17:39:04.048Z] [31MERROR[39M: Invalid access token, please log in
[2025-11-29T17:39:58.687Z] [31MERROR[39M: Invalid access token, please log in
[2025-11-29T17:39:58.942Z] [31MERROR[39M: Invalid access token, please log in
[2025-11-29T17:40:32.934Z] [31MERROR[39M: Invalid access token, please log in
[2025-11-29T17:40:33.517Z] [31MERROR[39M: Invalid access token, please log in
[2025-11-29T17:56:42.130Z] [31MERROR[39M: Invalid access token, please log in
[2025-11-29T17:56:42.599Z] [31MERROR[39M: Invalid access token, please log in
[2025-11-29T17:56:42.683Z] [31MERROR[39M: Invalid access token, please log in
[2025-11-29T17:56:43.313Z] [31MERROR[39M: Invalid access token, please log in
[2025-11-29T18:32:24.847Z] [31MERROR[39M: Invalid access token, please log in
[2025-11-29T18:32:25.198Z] [31MERROR[39M: Invalid access token, please log in
[2025-11-29T19:40:50.306Z] [31MERROR[39M: Unauthorized, please log in
[2025-11-29T19:40:50.533Z] [31MERROR[39M: Refresh token not found
[2025-11-29T19:48:35.568Z] [31MERROR[39M: Unauthorized, please log in
[2025-11-29T19:50:01.797Z] [31MERROR[39M: Invalid access token, please log in
[2025-11-29T19:51:42.938Z] [31MERROR[39M: Email or password is incorrect.
[2025-11-29T19:52:11.345Z] [31MERROR[39M: Email or password is incorrect.
[2025-11-29T19:54:39.340Z] [31MERROR[39M: Unauthorized, please log in
[2025-11-29T19:54:39.428Z] [31MERROR[39M: Refresh token not found
[2025-11-29T19:55:08.235Z] [31MERROR[39M: Unauthorized, please log in
[2025-11-29T19:55:08.786Z] [31MERROR[39M: Refresh token not found
[2025-11-29T19:59:05.147Z] [31MERROR[39M: Unauthorized, please log in
[2025-11-29T20:02:05.367Z] [31MERROR[39M: Invalid access token, please log in
[2025-11-29T20:07:29.295Z] [31MERROR[39M: Invalid access token, please log in
[2025-11-29T20:09:00.229Z] [31MERROR[39M: Invalid access token, please log in
[2025-11-29T20:10:04.167Z] [31MERROR[39M: Invalid access token, please log in
[2025-11-29T20:10:27.447Z] [31MERROR[39M: Unauthorized, please log in
[2025-11-29T20:11:00.387Z] [31MERROR[39M: Unauthorized, please log in
[2025-11-29T20:11:00.464Z] [31MERROR[39M: Refresh token not found
[2025-11-29T20:20:23.642Z] [31MERROR[39M: Invalid access token, please log in
[2025-11-29T20:24:38.371Z] [31MERROR[39M: Invalid access token, please log in
[2025-11-29T20:28:24.687Z] [31MERROR[39M: Invalid access token, please log in
[2025-11-29T20:30:05.388Z] [31MERROR[39M: Invalid access token, please log in
[2025-11-29T20:34:54.761Z] [31MERROR[39M: Invalid access token, please log in
[2025-11-29T20:34:55.592Z] [31MERROR[39M: Invalid access token, please log in
[2025-11-29T20:57:08.230Z] [31MERROR[39M: Invalid access token, please log in
[2025-11-29T20:57:08.850Z] [31MERROR[39M: Invalid access token, please log in
[2025-11-29T21:16:13.404Z] [31MERROR[39M: Invalid access token, please log in
[2025-11-29T21:16:13.826Z] [31MERROR[39M: Invalid access token, please log in
[2025-11-29T21:16:20.325Z] [31MERROR[39M: Invalid access token, please log in
[2025-11-29T21:16:21.483Z] [31MERROR[39M: Invalid access token, please log in
[2025-11-29T22:49:22.145Z] [31MERROR[39M: Invalid access token, please log in
[2025-11-29T22:49:23.034Z] [31MERROR[39M: Invalid access token, please log in
[2025-11-30T00:03:13.479Z] [31MERROR[39M: Invalid access token, please log in
[2025-11-30T00:03:13.915Z] [31MERROR[39M: Invalid access token, please log in
[2025-11-30T00:06:08.681Z] [31MERROR[39M: Invalid access token, please log in
[2025-11-30T00:06:08.988Z] [31MERROR[39M: Invalid access token, please log in
[2025-11-30T13:52:02.607Z] [31MERROR[39M: Refresh token not found
[2025-11-30T13:52:02.755Z] [31MERROR[39M: Refresh token not found
[2025-11-30T14:51:15.752Z] [31MERROR[39M: Invalid access token, please log in
[2025-11-30T14:51:15.779Z] [31MERROR[39M: Invalid access token, please log in
[2025-11-30T14:51:15.876Z] [31MERROR[39M: Invalid access token, please log in
[2025-11-30T14:51:15.885Z] [31MERROR[39M: Invalid access token, please log in
[2025-11-30T14:51:32.434Z] [31MERROR[39M: Refresh token not found
[2025-11-30T14:56:20.072Z] [31MERROR[39M: Unauthorized, please log in
[2025-11-30T14:56:20.298Z] [31MERROR[39M: Refresh token not found
[2025-11-30T19:04:21.781Z] [31MERROR[39M: Invalid access token, please log in
[2025-11-30T19:04:22.411Z] [31MERROR[39M: Invalid access token, please log in
[2025-11-30T19:04:53.681Z] [31MERROR[39M: Invalid access token, please log in
[2025-11-30T19:04:55.020Z] [31MERROR[39M: Invalid access token, please log in
[2025-11-30T19:05:08.816Z] [31MERROR[39M: Invalid access token, please log in
[2025-11-30T19:05:09.875Z] [31MERROR[39M: Invalid access token, please log in
[2025-11-30T19:05:15.237Z] [31MERROR[39M: Invalid access token, please log in
[2025-11-30T19:05:16.649Z] [31MERROR[39M: Invalid access token, please log in
[2025-11-30T19:05:28.227Z] [31MERROR[39M: Invalid access token, please log in
[2025-11-30T19:05:29.190Z] [31MERROR[39M: Invalid access token, please log in
[2025-11-30T19:34:21.222Z] [31MERROR[39M: Refresh token not found
[2025-11-30T19:34:21.548Z] [31MERROR[39M: Refresh token not found
[2025-11-30T19:34:23.318Z] [31MERROR[39M: Unauthorized, please log in
[2025-11-30T19:34:23.971Z] [31MERROR[39M: Refresh token not found
[2025-11-30T19:34:41.302Z] [31MERROR[39M: Refresh token not found
[2025-11-30T19:34:41.618Z] [31MERROR[39M: Refresh token not found
[2025-11-30T19:34:42.363Z] [31MERROR[39M: Unauthorized, please log in
[2025-11-30T19:34:42.626Z] [31MERROR[39M: Refresh token not found
[2025-11-30T20:02:32.510Z] [31MERROR[39M: Duplicate attribute combinations detected
[2025-11-30T20:03:19.024Z] [31MERROR[39M: Duplicate attribute combinations detected
[2025-11-30T20:05:34.030Z] [31MERROR[39M: Duplicate attribute combinations detected
[2025-11-30T20:27:13.555Z] [31MERROR[39M: Invalid access token, please log in
[2025-11-30T20:27:13.979Z] [31MERROR[39M: Invalid access token, please log in
[2025-11-30T22:52:55.236Z] [31MERROR[39M: Invalid access token, please log in
[2025-11-30T22:52:55.482Z] [31MERROR[39M: Invalid access token, please log in
[2025-11-30T23:21:52.796Z] [31MERROR[39M: Invalid access token, please log in
[2025-11-30T23:21:52.959Z] [31MERROR[39M: Invalid access token, please log in
[2025-12-01T00:45:26.505Z] [31MERROR[39M: Email domain example.com is not allowed for registration.
[2025-12-01T00:45:34.570Z] [31MERROR[39M: Email domain gmail.com is not allowed for registration.
[2025-12-01T00:45:49.224Z] [31MERROR[39M: Unauthorized, please log in
[2025-12-01T00:49:33.920Z] [31MERROR[39M: Invalid access token, please log in
[2025-12-01T00:49:33.951Z] [31MERROR[39M: Invalid access token, please log in
[2025-12-01T00:49:33.986Z] [31MERROR[39M: Invalid access token, please log in
[2025-12-01T00:49:34.010Z] [31MERROR[39M: Invalid access token, please log in
[2025-12-01T00:49:34.058Z] [31MERROR[39M: Invalid access token, please log in
[2025-12-01T00:49:34.102Z] [31MERROR[39M: Invalid access token, please log in
[2025-12-01T00:49:34.109Z] [31MERROR[39M: Invalid access token, please log in
[2025-12-01T00:49:34.113Z] [31MERROR[39M: Invalid access token, please log in
[2025-12-01T00:49:34.177Z] [31MERROR[39M: Invalid access token, please log in
[2025-12-01T00:49:34.183Z] [31MERROR[39M: Invalid access token, please log in
[2025-12-01T00:49:34.194Z] [31MERROR[39M: Invalid access token, please log in
[2025-12-01T00:49:34.251Z] [31MERROR[39M: Invalid access token, please log in
[2025-12-01T00:49:34.256Z] [31MERROR[39M: Invalid access token, please log in
[2025-12-01T00:49:34.262Z] [31MERROR[39M: Invalid access token, please log in
[2025-12-01T00:49:34.322Z] [31MERROR[39M: Invalid access token, please log in
[2025-12-01T00:49:34.329Z] [31MERROR[39M: Invalid access token, please log in
[2025-12-01T00:49:34.384Z] [31MERROR[39M: Invalid access token, please log in
[2025-12-01T00:49:34.390Z] [31MERROR[39M: Invalid access token, please log in
[2025-12-01T00:49:34.399Z] [31MERROR[39M: Invalid access token, please log in
[2025-12-01T00:49:34.411Z] [31MERROR[39M: Invalid access token, please log in
[2025-12-01T00:49:34.450Z] [31MERROR[39M: Invalid access token, please log in
[2025-12-01T00:49:34.498Z] [31MERROR[39M: Invalid access token, please log in
[2025-12-01T00:49:34.503Z] [31MERROR[39M: Invalid access token, please log in
[2025-12-01T00:49:34.509Z] [31MERROR[39M: Invalid access token, please log in
[2025-12-01T00:49:34.573Z] [31MERROR[39M: Invalid access token, please log in
[2025-12-01T00:49:34.577Z] [31MERROR[39M: Invalid access token, please log in
[2025-12-01T00:49:34.613Z] [31MERROR[39M: Invalid access token, please log in
[2025-12-01T00:49:34.618Z] [31MERROR[39M: Invalid access token, please log in
[2025-12-01T00:49:34.623Z] [31MERROR[39M: Invalid access token, please log in
[2025-12-01T00:49:34.663Z] [31MERROR[39M: Refresh token not found
[2025-12-01T00:49:34.742Z] [31MERROR[39M: Invalid access token, please log in
[2025-12-01T00:49:34.750Z] [31MERROR[39M: Invalid access token, please log in
[2025-12-01T00:49:34.760Z] [31MERROR[39M: Invalid access token, please log in
[2025-12-01T00:49:34.774Z] [31MERROR[39M: Refresh token not found
[2025-12-01T00:49:34.777Z] [31MERROR[39M: Refresh token not found
[2025-12-01T00:49:34.786Z] [31MERROR[39M: Invalid access token, please log in
[2025-12-01T00:49:34.831Z] [31MERROR[39M: Refresh token not found
[2025-12-01T00:49:34.836Z] [31MERROR[39M: Refresh token not found
[2025-12-01T00:49:34.838Z] [31MERROR[39M: Refresh token not found
[2025-12-01T00:49:34.840Z] [31MERROR[39M: Refresh token not found
[2025-12-01T00:49:34.842Z] [31MERROR[39M: Refresh token not found
[2025-12-01T00:49:34.866Z] [31MERROR[39M: Refresh token not found
[2025-12-01T00:49:34.887Z] [31MERROR[39M: Refresh token not found
[2025-12-01T00:49:34.894Z] [31MERROR[39M: Refresh token not found
[2025-12-01T00:49:34.896Z] [31MERROR[39M: Refresh token not found
[2025-12-01T00:49:34.903Z] [31MERROR[39M: Refresh token not found
[2025-12-01T00:49:34.906Z] [31MERROR[39M: Refresh token not found
[2025-12-01T00:49:34.929Z] [31MERROR[39M: Refresh token not found
[2025-12-01T00:49:34.957Z] [31MERROR[39M: Invalid access token, please log in
[2025-12-01T00:49:34.971Z] [31MERROR[39M: Refresh token not found
[2025-12-01T00:49:34.979Z] [31MERROR[39M: Refresh token not found
[2025-12-01T00:49:34.986Z] [31MERROR[39M: Refresh token not found
[2025-12-01T00:49:35.023Z] [31MERROR[39M: Refresh token not found
[2025-12-01T00:49:35.052Z] [31MERROR[39M: Invalid access token, please log in
[2025-12-01T00:49:35.075Z] [31MERROR[39M: Refresh token not found
[2025-12-01T00:49:35.077Z] [31MERROR[39M: Refresh token not found
[2025-12-01T00:49:35.134Z] [31MERROR[39M: Refresh token not found
[2025-12-01T00:49:35.140Z] [31MERROR[39M: Refresh token not found
[2025-12-01T00:49:35.184Z] [31MERROR[39M: Refresh token not found
[2025-12-01T00:49:35.190Z] [31MERROR[39M: Refresh token not found
[2025-12-01T00:49:35.250Z] [31MERROR[39M: Refresh token not found
[2025-12-01T00:49:35.282Z] [31MERROR[39M: Refresh token not found
[2025-12-01T00:49:35.289Z] [31MERROR[39M: Refresh token not found
[2025-12-01T00:49:35.294Z] [31MERROR[39M: Refresh token not found
[2025-12-01T00:49:35.296Z] [31MERROR[39M: Refresh token not found
[2025-12-01T00:49:35.719Z] [31MERROR[39M: Invalid access token, please log in
[2025-12-01T11:00:48.814Z] [31MERROR[39M: Refresh token not found
[2025-12-01T11:00:49.035Z] [31MERROR[39M: Refresh token not found
[2025-12-01T12:14:37.895Z] [31MERROR[39M: Refresh token not found
[2025-12-01T12:14:38.109Z] [31MERROR[39M: Refresh token not found
[2025-12-01T12:16:01.960Z] [31MERROR[39M: Duplicate field value entered
[2025-12-01T12:34:07.535Z] [31MERROR[39M: Invalid access token, please log in
[2025-12-01T12:34:07.562Z] [31MERROR[39M: Invalid access token, please log in
[2025-12-01T12:34:07.595Z] [31MERROR[39M: Invalid access token, please log in
[2025-12-01T12:34:07.643Z] [31MERROR[39M: Invalid access token, please log in
[2025-12-01T12:34:07.705Z] [31MERROR[39M: Invalid access token, please log in
[2025-12-01T12:34:07.769Z] [31MERROR[39M: Invalid access token, please log in
[2025-12-01T12:34:07.797Z] [31MERROR[39M: Invalid access token, please log in
[2025-12-01T12:34:07.878Z] [31MERROR[39M: Invalid access token, please log in
[2025-12-01T12:34:07.896Z] [31MERROR[39M: Invalid access token, please log in
[2025-12-01T12:34:07.919Z] [31MERROR[39M: Invalid access token, please log in
[2025-12-01T12:34:07.961Z] [31MERROR[39M: Invalid access token, please log in
[2025-12-01T12:34:07.969Z] [31MERROR[39M: Invalid access token, please log in
[2025-12-01T12:34:07.974Z] [31MERROR[39M: Invalid access token, please log in
[2025-12-01T12:34:08.041Z] [31MERROR[39M: Invalid access token, please log in
[2025-12-01T12:34:08.045Z] [31MERROR[39M: Invalid access token, please log in
[2025-12-01T12:34:08.143Z] [31MERROR[39M: Invalid access token, please log in
[2025-12-01T12:34:08.152Z] [31MERROR[39M: Invalid access token, please log in
[2025-12-01T12:34:08.208Z] [31MERROR[39M: Invalid access token, please log in
[2025-12-01T12:34:08.218Z] [31MERROR[39M: Invalid access token, please log in
[2025-12-01T12:34:08.260Z] [31MERROR[39M: Invalid access token, please log in
[2025-12-01T12:34:08.303Z] [31MERROR[39M: Invalid access token, please log in
[2025-12-01T12:34:08.324Z] [31MERROR[39M: Refresh token not found
[2025-12-01T12:34:08.333Z] [31MERROR[39M: Refresh token not found
[2025-12-01T12:34:08.400Z] [31MERROR[39M: Invalid access token, please log in
[2025-12-01T12:34:08.407Z] [31MERROR[39M: Invalid access token, please log in
[2025-12-01T12:34:08.919Z] [31MERROR[39M: Refresh token not found
[2025-12-01T12:34:08.923Z] [31MERROR[39M: Refresh token not found
[2025-12-01T12:34:08.927Z] [31MERROR[39M: Refresh token not found
[2025-12-01T12:34:08.953Z] [31MERROR[39M: Invalid access token, please log in
[2025-12-01T12:34:08.987Z] [31MERROR[39M: Invalid access token, please log in
[2025-12-01T12:34:08.990Z] [31MERROR[39M: Invalid access token, please log in
[2025-12-01T12:34:09.005Z] [31MERROR[39M: Invalid access token, please log in
[2025-12-01T12:34:09.014Z] [31MERROR[39M: Invalid access token, please log in
[2025-12-01T12:34:09.018Z] [31MERROR[39M: Invalid access token, please log in
[2025-12-01T12:34:09.049Z] [31MERROR[39M: Invalid access token, please log in
[2025-12-01T12:34:09.056Z] [31MERROR[39M: Refresh token not found
[2025-12-01T12:34:09.058Z] [31MERROR[39M: Refresh token not found
[2025-12-01T12:34:09.060Z] [31MERROR[39M: Refresh token not found
[2025-12-01T12:34:09.077Z] [31MERROR[39M: Invalid access token, please log in
[2025-12-01T12:34:09.080Z] [31MERROR[39M: Invalid access token, please log in
[2025-12-01T12:34:09.095Z] [31MERROR[39M: Invalid access token, please log in
[2025-12-01T12:34:09.112Z] [31MERROR[39M: Invalid access token, please log in
[2025-12-01T12:34:09.117Z] [31MERROR[39M: Invalid access token, please log in
[2025-12-01T12:34:09.147Z] [31MERROR[39M: Refresh token not found
[2025-12-01T12:34:09.156Z] [31MERROR[39M: Refresh token not found
[2025-12-01T12:34:09.178Z] [31MERROR[39M: Invalid access token, please log in
[2025-12-01T12:34:09.204Z] [31MERROR[39M: Refresh token not found
[2025-12-01T12:34:09.207Z] [31MERROR[39M: Refresh token not found
[2025-12-01T12:34:09.209Z] [31MERROR[39M: Refresh token not found
[2025-12-01T12:34:09.212Z] [31MERROR[39M: Refresh token not found
[2025-12-01T12:34:09.214Z] [31MERROR[39M: Refresh token not found
[2025-12-01T12:34:09.257Z] [31MERROR[39M: Refresh token not found
[2025-12-01T12:34:09.340Z] [31MERROR[39M: Refresh token not found
[2025-12-01T12:34:09.520Z] [31MERROR[39M: Refresh token not found
[2025-12-01T12:34:09.540Z] [31MERROR[39M: Invalid access token, please log in
[2025-12-01T12:34:09.552Z] [31MERROR[39M: Refresh token not found
[2025-12-01T12:34:09.561Z] [31MERROR[39M: Refresh token not found
[2025-12-01T12:34:09.713Z] [31MERROR[39M: Refresh token not found
[2025-12-01T12:34:09.717Z] [31MERROR[39M: Refresh token not found
[2025-12-01T12:34:09.741Z] [31MERROR[39M: Refresh token not found
[2025-12-01T12:34:09.760Z] [31MERROR[39M: Refresh token not found
[2025-12-01T12:34:09.773Z] [31MERROR[39M: Refresh token not found
[2025-12-01T12:34:09.783Z] [31MERROR[39M: Refresh token not found
[2025-12-01T12:34:09.863Z] [31MERROR[39M: Refresh token not found
[2025-12-01T12:34:09.869Z] [31MERROR[39M: Refresh token not found
[2025-12-01T12:34:09.872Z] [31MERROR[39M: Refresh token not found
[2025-12-01T13:59:33.777Z] [31MERROR[39M: Invalid access token, please log in
[2025-12-01T13:59:33.786Z] [31MERROR[39M: Invalid access token, please log in
[2025-12-01T13:59:33.859Z] [31MERROR[39M: Invalid access token, please log in
[2025-12-01T13:59:33.903Z] [31MERROR[39M: Invalid access token, please log in
[2025-12-01T13:59:33.936Z] [31MERROR[39M: Invalid access token, please log in
[2025-12-01T13:59:33.981Z] [31MERROR[39M: Invalid access token, please log in
[2025-12-01T13:59:34.056Z] [31MERROR[39M: Invalid access token, please log in
[2025-12-01T13:59:34.140Z] [31MERROR[39M: Invalid access token, please log in
[2025-12-01T13:59:34.194Z] [31MERROR[39M: Invalid access token, please log in
[2025-12-01T13:59:34.201Z] [31MERROR[39M: Invalid access token, please log in
[2025-12-01T13:59:34.213Z] [31MERROR[39M: Invalid access token, please log in
[2025-12-01T13:59:34.222Z] [31MERROR[39M: Invalid access token, please log in
[2025-12-01T13:59:34.227Z] [31MERROR[39M: Invalid access token, please log in
[2025-12-01T13:59:34.279Z] [31MERROR[39M: Invalid access token, please log in
[2025-12-01T13:59:34.311Z] [31MERROR[39M: Invalid access token, please log in
[2025-12-01T13:59:34.316Z] [31MERROR[39M: Invalid access token, please log in
[2025-12-01T13:59:34.321Z] [31MERROR[39M: Invalid access token, please log in
[2025-12-01T13:59:34.325Z] [31MERROR[39M: Invalid access token, please log in
[2025-12-01T13:59:34.328Z] [31MERROR[39M: Invalid access token, please log in
[2025-12-01T13:59:34.412Z] [31MERROR[39M: Invalid access token, please log in
[2025-12-01T13:59:34.416Z] [31MERROR[39M: Invalid access token, please log in
[2025-12-01T13:59:34.425Z] [31MERROR[39M: Invalid access token, please log in
[2025-12-01T13:59:34.446Z] [31MERROR[39M: Invalid access token, please log in
[2025-12-01T13:59:34.478Z] [31MERROR[39M: Invalid access token, please log in
[2025-12-01T13:59:34.522Z] [31MERROR[39M: Invalid access token, please log in
[2025-12-01T13:59:34.527Z] [31MERROR[39M: Invalid access token, please log in
[2025-12-01T13:59:34.534Z] [31MERROR[39M: Invalid access token, please log in
[2025-12-01T13:59:35.394Z] [31MERROR[39M: Invalid access token, please log in
[2025-12-01T13:59:35.401Z] [31MERROR[39M: Invalid access token, please log in
[2025-12-01T13:59:35.407Z] [31MERROR[39M: Invalid access token, please log in
[2025-12-01T13:59:35.412Z] [31MERROR[39M: Invalid access token, please log in
[2025-12-01T13:59:35.437Z] [31MERROR[39M: Invalid access token, please log in
[2025-12-01T13:59:35.440Z] [31MERROR[39M: Invalid access token, please log in
[2025-12-01T13:59:35.469Z] [31MERROR[39M: Refresh token not found
[2025-12-01T13:59:35.472Z] [31MERROR[39M: Refresh token not found
[2025-12-01T13:59:35.475Z] [31MERROR[39M: Refresh token not found
[2025-12-01T13:59:35.479Z] [31MERROR[39M: Refresh token not found
[2025-12-01T13:59:35.496Z] [31MERROR[39M: Refresh token not found
[2025-12-01T13:59:35.515Z] [31MERROR[39M: Refresh token not found
[2025-12-01T13:59:35.518Z] [31MERROR[39M: Refresh token not found
[2025-12-01T13:59:35.522Z] [31MERROR[39M: Refresh token not found
[2025-12-01T13:59:35.524Z] [31MERROR[39M: Refresh token not found
[2025-12-01T13:59:35.527Z] [31MERROR[39M: Refresh token not found
[2025-12-01T13:59:35.537Z] [31MERROR[39M: Refresh token not found
[2025-12-01T13:59:35.554Z] [31MERROR[39M: Refresh token not found
[2025-12-01T13:59:35.573Z] [31MERROR[39M: Refresh token not found
[2025-12-01T13:59:35.576Z] [31MERROR[39M: Refresh token not found
[2025-12-01T13:59:35.579Z] [31MERROR[39M: Refresh token not found
[2025-12-01T13:59:35.583Z] [31MERROR[39M: Refresh token not found
[2025-12-01T13:59:35.604Z] [31MERROR[39M: Refresh token not found
[2025-12-01T13:59:35.607Z] [31MERROR[39M: Refresh token not found
[2025-12-01T13:59:35.627Z] [31MERROR[39M: Refresh token not found
[2025-12-01T13:59:35.629Z] [31MERROR[39M: Refresh token not found
[2025-12-01T13:59:35.631Z] [31MERROR[39M: Refresh token not found
[2025-12-01T13:59:35.649Z] [31MERROR[39M: Refresh token not found
[2025-12-01T13:59:35.652Z] [31MERROR[39M: Refresh token not found
[2025-12-01T13:59:35.665Z] [31MERROR[39M: Invalid access token, please log in
[2025-12-01T13:59:35.697Z] [31MERROR[39M: Refresh token not found
[2025-12-01T13:59:35.699Z] [31MERROR[39M: Refresh token not found
[2025-12-01T13:59:35.756Z] [31MERROR[39M: Refresh token not found
[2025-12-01T13:59:37.008Z] [31MERROR[39M: Invalid access token, please log in
[2025-12-01T13:59:37.242Z] [31MERROR[39M: Invalid access token, please log in
[2025-12-01T13:59:37.297Z] [31MERROR[39M: Invalid access token, please log in
[2025-12-01T13:59:37.308Z] [31MERROR[39M: Invalid access token, please log in
[2025-12-01T13:59:37.316Z] [31MERROR[39M: Invalid access token, please log in
[2025-12-01T13:59:37.322Z] [31MERROR[39M: Invalid access token, please log in
[2025-12-01T14:28:07.426Z] [31MERROR[39M: Invalid access token, please log in
[2025-12-01T14:28:07.511Z] [31MERROR[39M: Invalid access token, please log in
[2025-12-01T14:28:07.554Z] [31MERROR[39M: Invalid access token, please log in
[2025-12-01T14:28:07.622Z] [31MERROR[39M: Invalid access token, please log in
[2025-12-01T14:28:07.671Z] [31MERROR[39M: Invalid access token, please log in
[2025-12-01T14:28:07.734Z] [31MERROR[39M: Invalid access token, please log in
[2025-12-01T14:28:07.800Z] [31MERROR[39M: Invalid access token, please log in
[2025-12-01T14:28:07.819Z] [31MERROR[39M: Invalid access token, please log in
[2025-12-01T14:28:07.833Z] [31MERROR[39M: Invalid access token, please log in
[2025-12-01T14:28:07.896Z] [31MERROR[39M: Invalid access token, please log in
[2025-12-01T14:28:07.916Z] [31MERROR[39M: Invalid access token, please log in
[2025-12-01T14:28:08.022Z] [31MERROR[39M: Invalid access token, please log in
[2025-12-01T14:28:08.029Z] [31MERROR[39M: Invalid access token, please log in
[2025-12-01T14:28:08.047Z] [31MERROR[39M: Invalid access token, please log in
[2025-12-01T14:28:08.058Z] [31MERROR[39M: Invalid access token, please log in
[2025-12-01T14:28:08.153Z] [31MERROR[39M: Invalid access token, please log in
[2025-12-01T14:28:08.164Z] [31MERROR[39M: Invalid access token, please log in
[2025-12-01T14:28:08.188Z] [31MERROR[39M: Invalid access token, please log in
[2025-12-01T14:28:08.223Z] [31MERROR[39M: Invalid access token, please log in
[2025-12-01T14:28:08.321Z] [31MERROR[39M: Invalid access token, please log in
[2025-12-01T14:28:08.335Z] [31MERROR[39M: Invalid access token, please log in
[2025-12-01T14:28:08.340Z] [31MERROR[39M: Invalid access token, please log in
[2025-12-01T14:28:08.358Z] [31MERROR[39M: Invalid access token, please log in
[2025-12-01T14:28:08.420Z] [31MERROR[39M: Refresh token not found
[2025-12-01T14:28:08.426Z] [31MERROR[39M: Refresh token not found
[2025-12-01T14:28:09.289Z] [31MERROR[39M: Invalid access token, please log in
[2025-12-01T14:28:09.400Z] [31MERROR[39M: Invalid access token, please log in
[2025-12-01T14:28:09.409Z] [31MERROR[39M: Invalid access token, please log in
[2025-12-01T14:28:09.417Z] [31MERROR[39M: Invalid access token, please log in
[2025-12-01T14:28:09.442Z] [31MERROR[39M: Invalid access token, please log in
[2025-12-01T14:28:09.452Z] [31MERROR[39M: Invalid access token, please log in
[2025-12-01T14:28:09.533Z] [31MERROR[39M: Invalid access token, please log in
[2025-12-01T14:28:09.542Z] [31MERROR[39M: Invalid access token, please log in
[2025-12-01T14:28:09.559Z] [31MERROR[39M: Refresh token not found
[2025-12-01T14:28:09.602Z] [31MERROR[39M: Invalid access token, please log in
[2025-12-01T14:28:09.614Z] [31MERROR[39M: Invalid access token, please log in
[2025-12-01T14:28:09.647Z] [31MERROR[39M: Refresh token not found
[2025-12-01T14:28:09.676Z] [31MERROR[39M: Refresh token not found
[2025-12-01T14:28:09.680Z] [31MERROR[39M: Refresh token not found
[2025-12-01T14:28:09.708Z] [31MERROR[39M: Refresh token not found
[2025-12-01T14:28:09.711Z] [31MERROR[39M: Refresh token not found
[2025-12-01T14:28:09.713Z] [31MERROR[39M: Refresh token not found
[2025-12-01T14:28:09.721Z] [31MERROR[39M: Refresh token not found
[2025-12-01T14:28:09.736Z] [31MERROR[39M: Refresh token not found
[2025-12-01T14:28:09.738Z] [31MERROR[39M: Refresh token not found
[2025-12-01T14:28:09.821Z] [31MERROR[39M: Refresh token not found
[2025-12-01T14:28:09.826Z] [31MERROR[39M: Refresh token not found
[2025-12-01T14:28:09.829Z] [31MERROR[39M: Refresh token not found
[2025-12-01T14:28:09.860Z] [31MERROR[39M: Invalid access token, please log in
[2025-12-01T14:28:09.890Z] [31MERROR[39M: Refresh token not found
[2025-12-01T14:28:09.895Z] [31MERROR[39M: Refresh token not found
[2025-12-01T14:28:09.900Z] [31MERROR[39M: Refresh token not found
[2025-12-01T14:28:09.905Z] [31MERROR[39M: Refresh token not found
[2025-12-01T14:28:09.910Z] [31MERROR[39M: Refresh token not found
[2025-12-01T14:28:09.963Z] [31MERROR[39M: Refresh token not found
[2025-12-01T14:28:09.965Z] [31MERROR[39M: Refresh token not found
[2025-12-01T14:28:09.974Z] [31MERROR[39M: Refresh token not found
[2025-12-01T14:28:09.977Z] [31MERROR[39M: Refresh token not found
[2025-12-01T14:28:09.981Z] [31MERROR[39M: Refresh token not found
[2025-12-01T14:28:09.985Z] [31MERROR[39M: Refresh token not found
[2025-12-01T14:28:10.150Z] [31MERROR[39M: Refresh token not found
[2025-12-01T14:28:10.181Z] [31MERROR[39M: Refresh token not found
[2025-12-01T14:28:10.186Z] [31MERROR[39M: Refresh token not found
[2025-12-01T14:28:11.366Z] [31MERROR[39M: Invalid access token, please log in
[2025-12-01T14:28:11.437Z] [31MERROR[39M: Invalid access token, please log in
[2025-12-01T14:28:11.448Z] [31MERROR[39M: Invalid access token, please log in
[2025-12-01T14:33:01.960Z] [31MERROR[39M: Invalid input. Please check your request data.
[2025-12-01T14:46:14.775Z] [31MERROR[39M: Invalid access token, please log in
[2025-12-01T14:46:14.797Z] [31MERROR[39M: Invalid access token, please log in
[2025-12-01T14:46:14.997Z] [31MERROR[39M: Invalid access token, please log in
[2025-12-01T14:46:15.004Z] [31MERROR[39M: Invalid access token, please log in
[2025-12-01T14:46:57.314Z] [31MERROR[39M: Refresh token not found
[2025-12-01T19:50:07.026Z] [31MERROR[39M: Invalid access token, please log in
[2025-12-01T19:50:07.070Z] [31MERROR[39M: Invalid access token, please log in
[2025-12-01T19:50:07.490Z] [31MERROR[39M: Invalid access token, please log in
[2025-12-01T19:50:07.558Z] [31MERROR[39M: Invalid access token, please log in
[2025-12-01T19:50:07.686Z] [31MERROR[39M: Invalid access token, please log in
[2025-12-01T19:50:08.109Z] [31MERROR[39M: Invalid access token, please log in
[2025-12-01T19:50:08.152Z] [31MERROR[39M: Invalid access token, please log in
[2025-12-01T19:50:08.165Z] [31MERROR[39M: Invalid access token, please log in
[2025-12-01T19:50:08.221Z] [31MERROR[39M: Invalid access token, please log in
[2025-12-01T19:50:08.238Z] [31MERROR[39M: Invalid access token, please log in
[2025-12-01T19:50:08.261Z] [31MERROR[39M: Invalid access token, please log in
[2025-12-01T19:50:08.579Z] [31MERROR[39M: Invalid access token, please log in
[2025-12-01T19:50:08.657Z] [31MERROR[39M: Invalid access token, please log in
[2025-12-01T19:50:08.668Z] [31MERROR[39M: Invalid access token, please log in
[2025-12-01T19:50:08.676Z] [31MERROR[39M: Invalid access token, please log in
[2025-12-01T19:50:08.756Z] [31MERROR[39M: Invalid access token, please log in
[2025-12-01T19:50:08.767Z] [31MERROR[39M: Invalid access token, please log in
[2025-12-01T19:50:08.780Z] [31MERROR[39M: Invalid access token, please log in
[2025-12-01T19:50:08.828Z] [31MERROR[39M: Invalid access token, please log in
[2025-12-01T19:50:08.852Z] [31MERROR[39M: Invalid access token, please log in
[2025-12-01T19:50:08.857Z] [31MERROR[39M: Invalid access token, please log in
[2025-12-01T19:50:08.903Z] [31MERROR[39M: Invalid access token, please log in
[2025-12-01T19:50:08.908Z] [31MERROR[39M: Invalid access token, please log in
[2025-12-01T19:50:08.913Z] [31MERROR[39M: Invalid access token, please log in
[2025-12-01T19:50:08.981Z] [31MERROR[39M: Invalid access token, please log in
[2025-12-01T19:50:09.002Z] [31MERROR[39M: Invalid access token, please log in
[2025-12-01T19:50:09.010Z] [31MERROR[39M: Invalid access token, please log in
[2025-12-01T19:50:09.045Z] [31MERROR[39M: Invalid access token, please log in
[2025-12-01T19:50:09.066Z] [31MERROR[39M: Invalid access token, please log in
[2025-12-01T19:50:09.070Z] [31MERROR[39M: Invalid access token, please log in
[2025-12-01T19:50:09.087Z] [31MERROR[39M: Invalid access token, please log in
[2025-12-01T19:50:09.113Z] [31MERROR[39M: Refresh token not found
[2025-12-01T19:50:09.115Z] [31MERROR[39M: Refresh token not found
[2025-12-01T19:50:09.143Z] [31MERROR[39M: Invalid access token, please log in
[2025-12-01T19:50:09.146Z] [31MERROR[39M: Invalid access token, please log in
[2025-12-01T19:50:09.849Z] [31MERROR[39M: Refresh token not found
[2025-12-01T19:50:09.937Z] [31MERROR[39M: Refresh token not found
[2025-12-01T19:50:09.981Z] [31MERROR[39M: Refresh token not found
[2025-12-01T19:50:09.984Z] [31MERROR[39M: Refresh token not found
[2025-12-01T19:50:09.997Z] [31MERROR[39M: Refresh token not found
[2025-12-01T19:50:10.000Z] [31MERROR[39M: Refresh token not found
[2025-12-01T19:50:10.003Z] [31MERROR[39M: Refresh token not found
[2025-12-01T19:50:10.019Z] [31MERROR[39M: Refresh token not found
[2025-12-01T19:50:10.024Z] [31MERROR[39M: Invalid access token, please log in
[2025-12-01T19:50:10.037Z] [31MERROR[39M: Invalid access token, please log in
[2025-12-01T19:50:10.108Z] [31MERROR[39M: Refresh token not found
[2025-12-01T19:50:10.114Z] [31MERROR[39M: Refresh token not found
[2025-12-01T19:50:10.123Z] [31MERROR[39M: Refresh token not found
[2025-12-01T19:50:10.130Z] [31MERROR[39M: Refresh token not found
[2025-12-01T19:50:10.158Z] [31MERROR[39M: Refresh token not found
[2025-12-01T19:50:10.164Z] [31MERROR[39M: Refresh token not found
[2025-12-01T19:50:10.214Z] [31MERROR[39M: Refresh token not found
[2025-12-01T19:50:10.221Z] [31MERROR[39M: Refresh token not found
[2025-12-01T19:50:10.230Z] [31MERROR[39M: Refresh token not found
[2025-12-01T19:50:10.239Z] [31MERROR[39M: Refresh token not found
[2025-12-01T19:50:10.269Z] [31MERROR[39M: Refresh token not found
[2025-12-01T19:50:10.275Z] [31MERROR[39M: Refresh token not found
[2025-12-01T19:50:10.300Z] [31MERROR[39M: Refresh token not found
[2025-12-01T19:50:10.307Z] [31MERROR[39M: Refresh token not found
[2025-12-01T19:50:10.311Z] [31MERROR[39M: Refresh token not found
[2025-12-01T19:50:10.315Z] [31MERROR[39M: Refresh token not found
[2025-12-01T19:50:11.170Z] [31MERROR[39M: Invalid access token, please log in
[2025-12-01T19:50:11.182Z] [31MERROR[39M: Invalid access token, please log in
[2025-12-01T19:50:11.213Z] [31MERROR[39M: Invalid access token, please log in
[2025-12-01T19:50:13.313Z] [31MERROR[39M: Invalid access token, please log in
[2025-12-01T19:50:13.362Z] [31MERROR[39M: Invalid access token, please log in
[2025-12-01T20:51:15.110Z] [31MERROR[39M: Refresh token not found
[2025-12-01T20:51:15.318Z] [31MERROR[39M: Refresh token not found
[2025-12-01T21:18:43.690Z] [31MERROR[39M: Invalid access token, please log in
[2025-12-01T21:39:57.036Z] [31MERROR[39M: Invalid access token, please log in
[2025-12-01T21:39:57.060Z] [31MERROR[39M: Invalid access token, please log in
[2025-12-01T21:39:57.715Z] [31MERROR[39M: Invalid access token, please log in
[2025-12-01T21:39:57.748Z] [31MERROR[39M: Invalid access token, please log in
[2025-12-01T22:39:32.845Z] [31MERROR[39M: Validation errors:
[2025-12-01T22:39:32.851Z] [31MERROR[39M: Validation failed
[2025-12-01T22:41:32.723Z] [31MERROR[39M: Validation errors:
[2025-12-01T22:41:32.736Z] [31MERROR[39M: Validation failed
[2025-12-01T22:45:55.865Z] [31MERROR[39M: Validation errors:
[2025-12-01T22:45:55.868Z] [31MERROR[39M: Validation failed
[2025-12-01T23:14:17.260Z] [31MERROR[39M: Invalid access token, please log in
[2025-12-01T23:14:17.276Z] [31MERROR[39M: Invalid access token, please log in
[2025-12-01T23:14:17.456Z] [31MERROR[39M: Refresh token not found
[2025-12-01T23:14:17.733Z] [31MERROR[39M: Invalid access token, please log in
[2025-12-01T23:14:35.911Z] [31MERROR[39M: Invalid access token, please log in
[2025-12-01T23:14:35.973Z] [31MERROR[39M: Invalid access token, please log in
[2025-12-01T23:14:36.033Z] [31MERROR[39M: Invalid access token, please log in
[2025-12-01T23:14:36.060Z] [31MERROR[39M: Invalid access token, please log in
[2025-12-01T23:14:36.096Z] [31MERROR[39M: Invalid access token, please log in
[2025-12-01T23:14:36.156Z] [31MERROR[39M: Invalid access token, please log in
[2025-12-01T23:14:36.191Z] [31MERROR[39M: Invalid access token, please log in
[2025-12-01T23:14:36.195Z] [31MERROR[39M: Invalid access token, please log in
[2025-12-01T23:14:36.226Z] [31MERROR[39M: Invalid access token, please log in
[2025-12-01T23:14:36.250Z] [31MERROR[39M: Invalid access token, please log in
[2025-12-01T23:14:36.654Z] [31MERROR[39M: Invalid access token, please log in
[2025-12-01T23:14:36.821Z] [31MERROR[39M: Invalid access token, please log in
[2025-12-01T23:14:36.842Z] [31MERROR[39M: Invalid access token, please log in
[2025-12-01T23:14:36.853Z] [31MERROR[39M: Invalid access token, please log in
[2025-12-01T23:14:36.865Z] [31MERROR[39M: Invalid access token, please log in
[2025-12-01T23:14:36.874Z] [31MERROR[39M: Invalid access token, please log in
[2025-12-01T23:14:36.966Z] [31MERROR[39M: Invalid access token, please log in
[2025-12-01T23:14:37.001Z] [31MERROR[39M: Invalid access token, please log in
[2025-12-01T23:14:37.427Z] [31MERROR[39M: Invalid access token, please log in
[2025-12-01T23:14:37.452Z] [31MERROR[39M: Invalid access token, please log in
[2025-12-01T23:14:37.577Z] [31MERROR[39M: Invalid access token, please log in
[2025-12-01T23:14:37.579Z] [31MERROR[39M: Invalid access token, please log in
[2025-12-01T23:14:37.582Z] [31MERROR[39M: Invalid access token, please log in
[2025-12-01T23:14:37.588Z] [31MERROR[39M: Invalid access token, please log in
[2025-12-01T23:14:37.659Z] [31MERROR[39M: Invalid access token, please log in
[2025-12-01T23:14:37.683Z] [31MERROR[39M: Invalid access token, please log in
[2025-12-01T23:14:37.687Z] [31MERROR[39M: Invalid access token, please log in
[2025-12-01T23:14:37.741Z] [31MERROR[39M: Invalid access token, please log in
[2025-12-01T23:14:37.747Z] [31MERROR[39M: Invalid access token, please log in
[2025-12-01T23:14:37.842Z] [31MERROR[39M: Invalid access token, please log in
[2025-12-01T23:14:37.856Z] [31MERROR[39M: Invalid access token, please log in
[2025-12-01T23:14:37.866Z] [31MERROR[39M: Invalid access token, please log in
[2025-12-01T23:14:37.973Z] [31MERROR[39M: Invalid access token, please log in
[2025-12-01T23:14:38.711Z] [31MERROR[39M: Refresh token not found
[2025-12-01T23:14:38.718Z] [31MERROR[39M: Refresh token not found
[2025-12-01T23:14:38.739Z] [31MERROR[39M: Refresh token not found
[2025-12-01T23:14:38.743Z] [31MERROR[39M: Refresh token not found
[2025-12-01T23:14:38.751Z] [31MERROR[39M: Refresh token not found
[2025-12-01T23:14:38.762Z] [31MERROR[39M: Refresh token not found
[2025-12-01T23:14:38.764Z] [31MERROR[39M: Refresh token not found
[2025-12-01T23:14:38.767Z] [31MERROR[39M: Refresh token not found
[2025-12-01T23:14:38.777Z] [31MERROR[39M: Refresh token not found
[2025-12-01T23:14:38.779Z] [31MERROR[39M: Refresh token not found
[2025-12-01T23:14:39.118Z] [31MERROR[39M: Refresh token not found
[2025-12-01T23:14:39.122Z] [31MERROR[39M: Refresh token not found
[2025-12-01T23:14:39.125Z] [31MERROR[39M: Refresh token not found
[2025-12-01T23:14:39.128Z] [31MERROR[39M: Refresh token not found
[2025-12-01T23:14:39.140Z] [31MERROR[39M: Refresh token not found
[2025-12-01T23:14:39.147Z] [31MERROR[39M: Refresh token not found
[2025-12-01T23:14:39.175Z] [31MERROR[39M: Refresh token not found
[2025-12-01T23:14:39.183Z] [31MERROR[39M: Refresh token not found
[2025-12-01T23:14:39.234Z] [31MERROR[39M: Refresh token not found
[2025-12-01T23:14:39.246Z] [31MERROR[39M: Refresh token not found
[2025-12-01T23:14:39.265Z] [31MERROR[39M: Refresh token not found
[2025-12-01T23:14:39.274Z] [31MERROR[39M: Refresh token not found
[2025-12-01T23:14:39.301Z] [31MERROR[39M: Refresh token not found
[2025-12-01T23:14:39.602Z] [31MERROR[39M: Refresh token not found
[2025-12-01T23:14:39.632Z] [31MERROR[39M: Refresh token not found
[2025-12-01T23:14:39.641Z] [31MERROR[39M: Refresh token not found
[2025-12-01T23:14:39.647Z] [31MERROR[39M: Refresh token not found
[2025-12-01T23:14:39.677Z] [31MERROR[39M: Refresh token not found
[2025-12-01T23:14:39.681Z] [31MERROR[39M: Refresh token not found
[2025-12-01T23:14:39.767Z] [31MERROR[39M: Refresh token not found
[2025-12-01T23:14:39.784Z] [31MERROR[39M: Refresh token not found
[2025-12-01T23:14:39.796Z] [31MERROR[39M: Refresh token not found
[2025-12-01T23:14:39.807Z] [31MERROR[39M: Refresh token not found
[2025-12-01T23:20:45.189Z] [31MERROR[39M: Validation errors:
[2025-12-01T23:20:45.204Z] [31MERROR[39M: Validation failed
[2025-12-01T23:21:04.510Z] [31MERROR[39M: Validation errors:
[2025-12-01T23:21:04.512Z] [31MERROR[39M: Validation failed
[2025-12-01T23:21:55.921Z] [31MERROR[39M: Validation errors:
[2025-12-01T23:21:55.926Z] [31MERROR[39M: Validation failed
[2025-12-01T23:22:52.895Z] [31MERROR[39M: Seller not found
[2025-12-01T23:27:11.524Z] [31MERROR[39M: Validation errors:
[2025-12-01T23:27:11.529Z] [31MERROR[39M: Validation failed
[2025-12-01T23:30:50.854Z] [31MERROR[39M: Invalid access token, please log in
[2025-12-01T23:30:51.112Z] [31MERROR[39M: Invalid access token, please log in
[2025-12-01T23:31:25.692Z] [31MERROR[39M: Invalid input. Please check your request data.
